<?xml version="1.0" encoding="UTF-8"?>
<!-- Generated by org.testng.reporters.JUnitReportReporter -->
<testsuite hostname="DESKTOP-8TTVIHJ" failures="0" tests="1" name="neostoxTestClass.NeostoxValidateUserName" time="47.109" errors="0" timestamp="2022-11-29T17:31:00 IST" skipped="0">
  <testcase classname="neostoxTestClass.NeostoxValidateUserName" name="validateUserName" time="47.109"/>
  <system-out>
    <![CDATA[getting actual username
Test validateUserName is completed successfuly]]>
  </system-out>
</testsuite> <!-- neostoxTestClass.NeostoxValidateUserName -->
